<?xml version="1.0" encoding="UTF-8"?>
<!-- Generated by org.testng.reporters.JUnitReportReporter -->
<testsuite hostname="amit" name="cioreview.Google" tests="1" failures="0" timestamp="28 Jun 2018 18:27:18 GMT" time="11.152" errors="0">
  <testcase name="check" time="11.152" classname="cioreview.Google"/>
</testsuite> <!-- cioreview.Google -->
